<?xml version="1.0" encoding="UTF-8"?>
<testsuite xmlns:xsi="http://www.w3.org/2001/XMLSchema-instance" xsi:noNamespaceSchemaLocation="https://maven.apache.org/surefire/maven-surefire-plugin/xsd/surefire-test-report.xsd" name="stellarburgers.tests.ProfileTest" time="73.602" tests="3" errors="3" skipped="0" failures="0">
  <properties>
[...]
</properties>
  <testcase name="checkGoToMainPageByLogoTest" classname="stellarburgers.tests.ProfileTest" time="58.508">
    <error message="session not created: This version of ChromeDriver only supports Chrome version 114&#10;Current browser version is 127.0.6533.100 with binary path /Applications/Google Chrome.app/Contents/MacOS/Google Chrome&#10;Build info: version: &apos;3.141.59&apos;, revision: &apos;e82be7d358&apos;, time: &apos;2018-11-14T08:17:03&apos;&#10;System info: host: &apos;mkuznetsova-2&apos;, ip: &apos;fe80:0:0:0:44b:5b69:d969:c0b%en0&apos;, os.name: &apos;Mac OS X&apos;, os.arch: &apos;aarch64&apos;, os.version: &apos;12.5.1&apos;, java.version: &apos;22.0.1&apos;&#10;Driver info: driver.version: SelenideDriver&#10;selenide.url: https://stellarburgers.nomoreparties.site&#10;selenide.baseUrl: http://localhost:8080&#10;remote stacktrace: 0   chromedriver                        0x0000000100d246b8 chromedriver + 4937400&#10;1   chromedriver                        0x0000000100d1bb73 chromedriver + 4901747&#10;2   chromedriver                        0x00000001008d9616 chromedriver + 435734&#10;3   chromedriver                        0x000000010090bd10 chromedriver + 642320&#10;4   chromedriver                        0x000000010090718a chromedriver + 622986&#10;5   chromedriver                        0x000000010090367c chromedriver + 607868&#10;6   chromedriver                        0x000000010094aa08 chromedriver + 899592&#10;7   chromedriver                        0x0000000100949ebf chromedriver + 896703&#10;8   chromedriver                        0x0000000100940de3 chromedriver + 859619&#10;9   chromedriver                        0x000000010090ed7f chromedriver + 654719&#10;10  chromedriver                        0x00000001009100de chromedriver + 659678&#10;11  chromedriver                        0x0000000100ce02ad chromedriver + 4657837&#10;12  chromedriver                        0x0000000100ce5130 chromedriver + 4677936&#10;13  chromedriver                        0x0000000100cebdef chromedriver + 4705775&#10;14  chromedriver                        0x0000000100ce605a chromedriver + 4681818&#10;15  chromedriver                        0x0000000100cb892c chromedriver + 4495660&#10;16  chromedriver                        0x0000000100d03838 chromedriver + 4802616&#10;17  chromedriver                        0x0000000100d039b7 chromedriver + 4802999&#10;18  chromedriver                        0x0000000100d1499f chromedriver + 4872607&#10;19  libsystem_pthread.dylib             0x00007ff8164654e1 _pthread_start + 125&#10;20  libsystem_pthread.dylib             0x00007ff816460f6b thread_start + 15&#10;" type="org.openqa.selenium.SessionNotCreatedException">org.openqa.selenium.SessionNotCreatedException: 
session not created: This version of ChromeDriver only supports Chrome version 114
Current browser version is 127.0.6533.100 with binary path /Applications/Google Chrome.app/Contents/MacOS/Google Chrome
Build info: version: '3.141.59', revision: 'e82be7d358', time: '2018-11-14T08:17:03'
System info: host: 'mkuznetsova-2', ip: 'fe80:0:0:0:44b:5b69:d969:c0b%en0', os.name: 'Mac OS X', os.arch: 'aarch64', os.version: '12.5.1', java.version: '22.0.1'
Driver info: driver.version: SelenideDriver
selenide.url: https://stellarburgers.nomoreparties.site
selenide.baseUrl: http://localhost:8080
remote stacktrace: 0   chromedriver                        0x0000000100d246b8 chromedriver + 4937400
1   chromedriver                        0x0000000100d1bb73 chromedriver + 4901747
2   chromedriver                        0x00000001008d9616 chromedriver + 435734
3   chromedriver                        0x000000010090bd10 chromedriver + 642320
4   chromedriver                        0x000000010090718a chromedriver + 622986
5   chromedriver                        0x000000010090367c chromedriver + 607868
6   chromedriver                        0x000000010094aa08 chromedriver + 899592
7   chromedriver                        0x0000000100949ebf chromedriver + 896703
8   chromedriver                        0x0000000100940de3 chromedriver + 859619
9   chromedriver                        0x000000010090ed7f chromedriver + 654719
10  chromedriver                        0x00000001009100de chromedriver + 659678
11  chromedriver                        0x0000000100ce02ad chromedriver + 4657837
12  chromedriver                        0x0000000100ce5130 chromedriver + 4677936
13  chromedriver                        0x0000000100cebdef chromedriver + 4705775
14  chromedriver                        0x0000000100ce605a chromedriver + 4681818
15  chromedriver                        0x0000000100cb892c chromedriver + 4495660
16  chromedriver                        0x0000000100d03838 chromedriver + 4802616
17  chromedriver                        0x0000000100d039b7 chromedriver + 4802999
18  chromedriver                        0x0000000100d1499f chromedriver + 4872607
19  libsystem_pthread.dylib             0x00007ff8164654e1 _pthread_start + 125
20  libsystem_pthread.dylib             0x00007ff816460f6b thread_start + 15

	at stellarburgers.tests.ProfileTest.checkGoToMainPageByLogoTest(ProfileTest.java:63)
</error>
    <system-err><![CDATA[SLF4J: Failed to load class "org.slf4j.impl.StaticLoggerBinder".
SLF4J: Defaulting to no-operation (NOP) logger implementation
SLF4J: See http://www.slf4j.org/codes.html#StaticLoggerBinder for further details.
Starting ChromeDriver 114.0.5735.90 (386bc09e8f4f2e025eddae123f36f6263096ae49-refs/branch-heads/5735@{#1052}) on port 4087
Only local connections are allowed.
Please see https://chromedriver.chromium.org/security-considerations for suggestions on keeping ChromeDriver safe.
ChromeDriver was started successfully.
]]></system-err>
  </testcase>
  <testcase name="checkLogoutUserTest" classname="stellarburgers.tests.ProfileTest" time="7.778">
    <error message="session not created: This version of ChromeDriver only supports Chrome version 114&#10;Current browser version is 127.0.6533.100 with binary path /Applications/Google Chrome.app/Contents/MacOS/Google Chrome&#10;Build info: version: &apos;3.141.59&apos;, revision: &apos;e82be7d358&apos;, time: &apos;2018-11-14T08:17:03&apos;&#10;System info: host: &apos;mkuznetsova-2&apos;, ip: &apos;fe80:0:0:0:44b:5b69:d969:c0b%en0&apos;, os.name: &apos;Mac OS X&apos;, os.arch: &apos;aarch64&apos;, os.version: &apos;12.5.1&apos;, java.version: &apos;22.0.1&apos;&#10;Driver info: driver.version: SelenideDriver&#10;selenide.url: https://stellarburgers.nomoreparties.site&#10;selenide.baseUrl: http://localhost:8080&#10;remote stacktrace: 0   chromedriver                        0x0000000100b6b6b8 chromedriver + 4937400&#10;1   chromedriver                        0x0000000100b62b73 chromedriver + 4901747&#10;2   chromedriver                        0x0000000100720616 chromedriver + 435734&#10;3   chromedriver                        0x0000000100752d10 chromedriver + 642320&#10;4   chromedriver                        0x000000010074e18a chromedriver + 622986&#10;5   chromedriver                        0x000000010074a67c chromedriver + 607868&#10;6   chromedriver                        0x0000000100791a08 chromedriver + 899592&#10;7   chromedriver                        0x0000000100790ebf chromedriver + 896703&#10;8   chromedriver                        0x0000000100787de3 chromedriver + 859619&#10;9   chromedriver                        0x0000000100755d7f chromedriver + 654719&#10;10  chromedriver                        0x00000001007570de chromedriver + 659678&#10;11  chromedriver                        0x0000000100b272ad chromedriver + 4657837&#10;12  chromedriver                        0x0000000100b2c130 chromedriver + 4677936&#10;13  chromedriver                        0x0000000100b32def chromedriver + 4705775&#10;14  chromedriver                        0x0000000100b2d05a chromedriver + 4681818&#10;15  chromedriver                        0x0000000100aff92c chromedriver + 4495660&#10;16  chromedriver                        0x0000000100b4a838 chromedriver + 4802616&#10;17  chromedriver                        0x0000000100b4a9b7 chromedriver + 4802999&#10;18  chromedriver                        0x0000000100b5b99f chromedriver + 4872607&#10;19  libsystem_pthread.dylib             0x00007ff8164654e1 _pthread_start + 125&#10;20  libsystem_pthread.dylib             0x00007ff816460f6b thread_start + 15&#10;" type="org.openqa.selenium.SessionNotCreatedException">org.openqa.selenium.SessionNotCreatedException: 
session not created: This version of ChromeDriver only supports Chrome version 114
Current browser version is 127.0.6533.100 with binary path /Applications/Google Chrome.app/Contents/MacOS/Google Chrome
Build info: version: '3.141.59', revision: 'e82be7d358', time: '2018-11-14T08:17:03'
System info: host: 'mkuznetsova-2', ip: 'fe80:0:0:0:44b:5b69:d969:c0b%en0', os.name: 'Mac OS X', os.arch: 'aarch64', os.version: '12.5.1', java.version: '22.0.1'
Driver info: driver.version: SelenideDriver
selenide.url: https://stellarburgers.nomoreparties.site
selenide.baseUrl: http://localhost:8080
remote stacktrace: 0   chromedriver                        0x0000000100b6b6b8 chromedriver + 4937400
1   chromedriver                        0x0000000100b62b73 chromedriver + 4901747
2   chromedriver                        0x0000000100720616 chromedriver + 435734
3   chromedriver                        0x0000000100752d10 chromedriver + 642320
4   chromedriver                        0x000000010074e18a chromedriver + 622986
5   chromedriver                        0x000000010074a67c chromedriver + 607868
6   chromedriver                        0x0000000100791a08 chromedriver + 899592
7   chromedriver                        0x0000000100790ebf chromedriver + 896703
8   chromedriver                        0x0000000100787de3 chromedriver + 859619
9   chromedriver                        0x0000000100755d7f chromedriver + 654719
10  chromedriver                        0x00000001007570de chromedriver + 659678
11  chromedriver                        0x0000000100b272ad chromedriver + 4657837
12  chromedriver                        0x0000000100b2c130 chromedriver + 4677936
13  chromedriver                        0x0000000100b32def chromedriver + 4705775
14  chromedriver                        0x0000000100b2d05a chromedriver + 4681818
15  chromedriver                        0x0000000100aff92c chromedriver + 4495660
16  chromedriver                        0x0000000100b4a838 chromedriver + 4802616
17  chromedriver                        0x0000000100b4a9b7 chromedriver + 4802999
18  chromedriver                        0x0000000100b5b99f chromedriver + 4872607
19  libsystem_pthread.dylib             0x00007ff8164654e1 _pthread_start + 125
20  libsystem_pthread.dylib             0x00007ff816460f6b thread_start + 15

	at stellarburgers.tests.ProfileTest.checkLogoutUserTest(ProfileTest.java:39)
</error>
    <system-err><![CDATA[Starting ChromeDriver 114.0.5735.90 (386bc09e8f4f2e025eddae123f36f6263096ae49-refs/branch-heads/5735@{#1052}) on port 18422
Only local connections are allowed.
Please see https://chromedriver.chromium.org/security-considerations for suggestions on keeping ChromeDriver safe.
ChromeDriver was started successfully.
]]></system-err>
  </testcase>
  <testcase name="checkGoToMainPageByConstructorButtonTest" classname="stellarburgers.tests.ProfileTest" time="7.163">
    <error message="session not created: This version of ChromeDriver only supports Chrome version 114&#10;Current browser version is 127.0.6533.100 with binary path /Applications/Google Chrome.app/Contents/MacOS/Google Chrome&#10;Build info: version: &apos;3.141.59&apos;, revision: &apos;e82be7d358&apos;, time: &apos;2018-11-14T08:17:03&apos;&#10;System info: host: &apos;mkuznetsova-2&apos;, ip: &apos;fe80:0:0:0:44b:5b69:d969:c0b%en0&apos;, os.name: &apos;Mac OS X&apos;, os.arch: &apos;aarch64&apos;, os.version: &apos;12.5.1&apos;, java.version: &apos;22.0.1&apos;&#10;Driver info: driver.version: SelenideDriver&#10;selenide.url: https://stellarburgers.nomoreparties.site&#10;selenide.baseUrl: http://localhost:8080&#10;remote stacktrace: 0   chromedriver                        0x00000001051236b8 chromedriver + 4937400&#10;1   chromedriver                        0x000000010511ab73 chromedriver + 4901747&#10;2   chromedriver                        0x0000000104cd8616 chromedriver + 435734&#10;3   chromedriver                        0x0000000104d0ad10 chromedriver + 642320&#10;4   chromedriver                        0x0000000104d0618a chromedriver + 622986&#10;5   chromedriver                        0x0000000104d0267c chromedriver + 607868&#10;6   chromedriver                        0x0000000104d49a08 chromedriver + 899592&#10;7   chromedriver                        0x0000000104d48ebf chromedriver + 896703&#10;8   chromedriver                        0x0000000104d3fde3 chromedriver + 859619&#10;9   chromedriver                        0x0000000104d0dd7f chromedriver + 654719&#10;10  chromedriver                        0x0000000104d0f0de chromedriver + 659678&#10;11  chromedriver                        0x00000001050df2ad chromedriver + 4657837&#10;12  chromedriver                        0x00000001050e4130 chromedriver + 4677936&#10;13  chromedriver                        0x00000001050eadef chromedriver + 4705775&#10;14  chromedriver                        0x00000001050e505a chromedriver + 4681818&#10;15  chromedriver                        0x00000001050b792c chromedriver + 4495660&#10;16  chromedriver                        0x0000000105102838 chromedriver + 4802616&#10;17  chromedriver                        0x00000001051029b7 chromedriver + 4802999&#10;18  chromedriver                        0x000000010511399f chromedriver + 4872607&#10;19  libsystem_pthread.dylib             0x00007ff8164654e1 _pthread_start + 125&#10;20  libsystem_pthread.dylib             0x00007ff816460f6b thread_start + 15&#10;" type="org.openqa.selenium.SessionNotCreatedException">org.openqa.selenium.SessionNotCreatedException: 
session not created: This version of ChromeDriver only supports Chrome version 114
Current browser version is 127.0.6533.100 with binary path /Applications/Google Chrome.app/Contents/MacOS/Google Chrome
Build info: version: '3.141.59', revision: 'e82be7d358', time: '2018-11-14T08:17:03'
System info: host: 'mkuznetsova-2', ip: 'fe80:0:0:0:44b:5b69:d969:c0b%en0', os.name: 'Mac OS X', os.arch: 'aarch64', os.version: '12.5.1', java.version: '22.0.1'
Driver info: driver.version: SelenideDriver
selenide.url: https://stellarburgers.nomoreparties.site
selenide.baseUrl: http://localhost:8080
remote stacktrace: 0   chromedriver                        0x00000001051236b8 chromedriver + 4937400
1   chromedriver                        0x000000010511ab73 chromedriver + 4901747
2   chromedriver                        0x0000000104cd8616 chromedriver + 435734
3   chromedriver                        0x0000000104d0ad10 chromedriver + 642320
4   chromedriver                        0x0000000104d0618a chromedriver + 622986
5   chromedriver                        0x0000000104d0267c chromedriver + 607868
6   chromedriver                        0x0000000104d49a08 chromedriver + 899592
7   chromedriver                        0x0000000104d48ebf chromedriver + 896703
8   chromedriver                        0x0000000104d3fde3 chromedriver + 859619
9   chromedriver                        0x0000000104d0dd7f chromedriver + 654719
10  chromedriver                        0x0000000104d0f0de chromedriver + 659678
11  chromedriver                        0x00000001050df2ad chromedriver + 4657837
12  chromedriver                        0x00000001050e4130 chromedriver + 4677936
13  chromedriver                        0x00000001050eadef chromedriver + 4705775
14  chromedriver                        0x00000001050e505a chromedriver + 4681818
15  chromedriver                        0x00000001050b792c chromedriver + 4495660
16  chromedriver                        0x0000000105102838 chromedriver + 4802616
17  chromedriver                        0x00000001051029b7 chromedriver + 4802999
18  chromedriver                        0x000000010511399f chromedriver + 4872607
19  libsystem_pthread.dylib             0x00007ff8164654e1 _pthread_start + 125
20  libsystem_pthread.dylib             0x00007ff816460f6b thread_start + 15

	at stellarburgers.tests.ProfileTest.checkGoToMainPageByConstructorButtonTest(ProfileTest.java:51)
</error>
    <system-err><![CDATA[Starting ChromeDriver 114.0.5735.90 (386bc09e8f4f2e025eddae123f36f6263096ae49-refs/branch-heads/5735@{#1052}) on port 48962
Only local connections are allowed.
Please see https://chromedriver.chromium.org/security-considerations for suggestions on keeping ChromeDriver safe.
ChromeDriver was started successfully.
]]></system-err>
  </testcase>
</testsuite>